\BOOKMARK [1][-]{section.1}{\376\377\000I\000n\000t\000r\000o\000d\000u\000c\000c\000i\000\363\000n}{}% 1
\BOOKMARK [2][-]{subsection.1.1}{\376\377\000C\000o\000n\000t\000e\000x\000t\000o\000\040\000d\000e\000l\000\040\000p\000r\000o\000b\000l\000e\000m\000a}{section.1}% 2
\BOOKMARK [2][-]{subsection.1.2}{\376\377\000O\000b\000j\000e\000t\000i\000v\000o\000s}{section.1}% 3
\BOOKMARK [1][-]{section.2}{\376\377\000P\000r\000o\000b\000l\000e\000m\000a\000s\000\040\000I\000d\000e\000n\000t\000i\000f\000i\000c\000a\000d\000o\000s}{}% 4
\BOOKMARK [2][-]{subsection.2.1}{\376\377\000R\000e\000p\000o\000s\000i\000t\000o\000r\000i\000o\000s\000\040\000d\000e\000\040\000S\000o\000f\000t\000w\000a\000r\000e\000\040\000O\000b\000s\000o\000l\000e\000t\000o\000s}{section.2}% 5
\BOOKMARK [2][-]{subsection.2.2}{\376\377\000E\000s\000p\000a\000c\000i\000o\000\040\000e\000n\000\040\000D\000i\000s\000c\000o\000\040\000I\000n\000s\000u\000f\000i\000c\000i\000e\000n\000t\000e}{section.2}% 6
\BOOKMARK [2][-]{subsection.2.3}{\376\377\000C\000o\000n\000f\000i\000g\000u\000r\000a\000c\000i\000\363\000n\000\040\000M\000i\000x\000t\000a\000\040\000I\000n\000c\000o\000m\000p\000a\000t\000i\000b\000l\000e}{section.2}% 7
\BOOKMARK [1][-]{section.3}{\376\377\000A\000n\000\341\000l\000i\000s\000i\000s\000\040\000E\000x\000a\000c\000t\000o\000\040\000d\000e\000\040\000l\000a\000\040\000S\000o\000l\000u\000c\000i\000\363\000n\000\040\000R\000e\000a\000l\000\040\000I\000m\000p\000l\000e\000m\000e\000n\000t\000a\000d\000a}{}% 8
\BOOKMARK [2][-]{subsection.3.1}{\376\377\000C\000o\000m\000a\000n\000d\000o\000s\000\040\000E\000x\000a\000c\000t\000o\000s\000\040\000q\000u\000e\000\040\000R\000e\000s\000o\000l\000v\000i\000e\000r\000o\000n\000\040\000e\000l\000\040\000P\000r\000o\000b\000l\000e\000m\000a}{section.3}% 9
\BOOKMARK [3][-]{subsubsection.3.1.1}{\376\377\000C\000a\000m\000b\000i\000o\000\040\000C\000r\000\355\000t\000i\000c\000o\000\040\000e\000n\000\040\000s\000o\000u\000r\000c\000e\000s\000.\000l\000i\000s\000t}{subsection.3.1}% 10
\BOOKMARK [3][-]{subsubsection.3.1.2}{\376\377\000L\000i\000m\000p\000i\000e\000z\000a\000\040\000d\000e\000\040\000E\000s\000p\000a\000c\000i\000o\000\040\000q\000u\000e\000\040\000H\000a\000b\000i\000l\000i\000t\000\363\000\040\000l\000a\000\040\000S\000o\000l\000u\000c\000i\000\363\000n}{subsection.3.1}% 11
\BOOKMARK [2][-]{subsection.3.2}{\376\377\000E\000v\000i\000d\000e\000n\000c\000i\000a\000\040\000d\000e\000\040\000l\000o\000s\000\040\000L\000o\000g\000s}{section.3}% 12
\BOOKMARK [3][-]{subsubsection.3.2.1}{\376\377\000E\000s\000t\000a\000d\000o\000\040\000A\000N\000T\000E\000S\000\040\000d\000e\000\040\000l\000a\000\040\000s\000o\000l\000u\000c\000i\000\363\000n\000:}{subsection.3.2}% 13
\BOOKMARK [3][-]{subsubsection.3.2.2}{\376\377\000E\000s\000t\000a\000d\000o\000\040\000D\000E\000S\000P\000U\000\311\000S\000\040\000d\000e\000\040\000l\000a\000\040\000s\000o\000l\000u\000c\000i\000\363\000n\000:}{subsection.3.2}% 14
\BOOKMARK [2][-]{subsection.3.3}{\376\377\000\277\000P\000o\000r\000\040\000q\000u\000\351\000\040\000F\000u\000n\000c\000i\000o\000n\000\363\000\040\000c\000o\000n\000\040\000S\000o\000l\000o\000\040\000E\000s\000t\000o\000s\000\040\000C\000a\000m\000b\000i\000o\000s\000?}{section.3}% 15
\BOOKMARK [2][-]{subsection.3.4}{\376\377\000S\000e\000c\000u\000e\000n\000c\000i\000a\000\040\000E\000x\000a\000c\000t\000a\000\040\000p\000a\000r\000a\000\040\000R\000e\000p\000r\000o\000d\000u\000c\000i\000r\000\040\000l\000a\000\040\000S\000o\000l\000u\000c\000i\000\363\000n}{section.3}% 16
\BOOKMARK [2][-]{subsection.3.5}{\376\377\000V\000e\000r\000i\000f\000i\000c\000a\000c\000i\000\363\000n\000\040\000d\000e\000l\000\040\000\311\000x\000i\000t\000o}{section.3}% 17
\BOOKMARK [1][-]{section.4}{\376\377\000S\000o\000l\000u\000c\000i\000o\000n\000e\000s\000\040\000I\000m\000p\000l\000e\000m\000e\000n\000t\000a\000d\000a\000s}{}% 18
\BOOKMARK [2][-]{subsection.4.1}{\376\377\000F\000a\000s\000e\000\040\0001\000:\000\040\000L\000i\000m\000p\000i\000e\000z\000a\000\040\000d\000e\000\040\000R\000e\000p\000o\000s\000i\000t\000o\000r\000i\000o\000s\000\040\000O\000b\000s\000o\000l\000e\000t\000o\000s}{section.4}% 19
\BOOKMARK [2][-]{subsection.4.2}{\376\377\000F\000a\000s\000e\000\040\0002\000:\000\040\000L\000i\000b\000e\000r\000a\000c\000i\000\363\000n\000\040\000d\000e\000\040\000E\000s\000p\000a\000c\000i\000o\000\040\000C\000r\000\355\000t\000i\000c\000o}{section.4}% 20
\BOOKMARK [2][-]{subsection.4.3}{\376\377\000F\000a\000s\000e\000\040\0003\000:\000\040\000A\000c\000t\000u\000a\000l\000i\000z\000a\000c\000i\000\363\000n\000\040\000d\000e\000\040\000R\000e\000p\000o\000s\000i\000t\000o\000r\000i\000o\000s}{section.4}% 21
\BOOKMARK [2][-]{subsection.4.4}{\376\377\000F\000a\000s\000e\000\040\0004\000:\000\040\000O\000p\000t\000i\000m\000i\000z\000a\000c\000i\000\363\000n\000\040\000d\000e\000l\000\040\000E\000s\000p\000a\000c\000i\000o\000\040\000\050\000P\000r\000o\000p\000u\000e\000s\000t\000a\000\051}{section.4}% 22
\BOOKMARK [1][-]{section.5}{\376\377\000M\000o\000n\000t\000a\000j\000e\000\040\000d\000e\000\040\000S\000h\000a\000r\000e\000\040\000S\000M\000B\000/\000C\000I\000F\000S\000\040\000e\000n\000\040\000C\000o\000n\000t\000e\000n\000e\000d\000o\000r\000\040\000D\000o\000c\000k\000e\000r}{}% 23
\BOOKMARK [2][-]{subsection.5.1}{\376\377\000P\000r\000o\000b\000l\000e\000m\000a\000\040\000I\000d\000e\000n\000t\000i\000f\000i\000c\000a\000d\000o}{section.5}% 24
\BOOKMARK [2][-]{subsection.5.2}{\376\377\000S\000o\000l\000u\000c\000i\000\363\000n\000\040\000E\000x\000i\000t\000o\000s\000a}{section.5}% 25
\BOOKMARK [3][-]{subsubsection.5.2.1}{\376\377\000C\000o\000n\000t\000e\000n\000e\000d\000o\000r\000\040\000c\000o\000n\000\040\000P\000r\000i\000v\000i\000l\000e\000g\000i\000o\000s\000\040\000y\000\040\000M\000\363\000d\000u\000l\000o\000s\000\040\000d\000e\000l\000\040\000K\000e\000r\000n\000e\000l}{subsection.5.2}% 26
\BOOKMARK [3][-]{subsubsection.5.2.2}{\376\377\000I\000n\000s\000t\000a\000l\000a\000c\000i\000\363\000n\000\040\000d\000e\000\040\000P\000a\000q\000u\000e\000t\000e\000s\000\040\000N\000e\000c\000e\000s\000a\000r\000i\000o\000s}{subsection.5.2}% 27
\BOOKMARK [3][-]{subsubsection.5.2.3}{\376\377\000M\000o\000n\000t\000a\000j\000e\000\040\000d\000e\000l\000\040\000S\000h\000a\000r\000e}{subsection.5.2}% 28
\BOOKMARK [3][-]{subsubsection.5.2.4}{\376\377\000V\000e\000r\000i\000f\000i\000c\000a\000c\000i\000\363\000n}{subsection.5.2}% 29
\BOOKMARK [2][-]{subsection.5.3}{\376\377\000C\000o\000n\000f\000i\000g\000u\000r\000a\000c\000i\000\363\000n\000\040\000E\000s\000p\000e\000c\000\355\000f\000i\000c\000a\000\040\000p\000a\000r\000a\000\040\000W\000D\000\040\000N\000A\000S}{section.5}% 30
\BOOKMARK [3][-]{subsubsection.5.3.1}{\376\377\000E\000n\000\040\000e\000l\000\040\000W\000D\000\040\000N\000A\000S\000\040\000\050\0001\0000\000.\0001\000.\0002\000.\0001\0007\0006\000\051}{subsection.5.3}% 31
\BOOKMARK [3][-]{subsubsection.5.3.2}{\376\377\000V\000e\000r\000i\000f\000i\000c\000a\000c\000i\000\363\000n\000\040\000d\000e\000\040\000C\000o\000n\000e\000c\000t\000i\000v\000i\000d\000a\000d\000\040\000d\000e\000s\000d\000e\000\040\000C\000o\000n\000t\000e\000n\000e\000d\000o\000r}{subsection.5.3}% 32
\BOOKMARK [2][-]{subsection.5.4}{\376\377\000S\000o\000l\000u\000c\000i\000\363\000n\000\040\000A\000l\000t\000e\000r\000n\000a\000t\000i\000v\000a\000:\000\040\000B\000i\000n\000d\000\040\000M\000o\000u\000n\000t\000\040\000d\000e\000s\000d\000e\000\040\000H\000o\000s\000t}{section.5}% 33
\BOOKMARK [3][-]{subsubsection.5.4.1}{\376\377\000E\000n\000\040\000e\000l\000\040\000H\000o\000s\000t\000\040\000D\000o\000c\000k\000e\000r\000:}{subsection.5.4}% 34
\BOOKMARK [2][-]{subsection.5.5}{\376\377\000C\000o\000n\000f\000i\000g\000u\000r\000a\000c\000i\000\363\000n\000\040\000d\000e\000\040\000S\000a\000m\000b\000a\000\040\000e\000n\000\040\000W\000D\000\040\000N\000A\000S}{section.5}% 35
\BOOKMARK [2][-]{subsection.5.6}{\376\377\000C\000o\000m\000a\000n\000d\000o\000s\000\040\000d\000e\000\040\000D\000i\000a\000g\000n\000\363\000s\000t\000i\000c\000o}{section.5}% 36
\BOOKMARK [3][-]{subsubsection.5.6.1}{\376\377\000V\000e\000r\000i\000f\000i\000c\000a\000r\000\040\000M\000\363\000d\000u\000l\000o\000\040\000C\000I\000F\000S}{subsection.5.6}% 37
\BOOKMARK [3][-]{subsubsection.5.6.2}{\376\377\000D\000e\000b\000u\000g\000\040\000d\000e\000\040\000M\000o\000n\000t\000a\000j\000e}{subsection.5.6}% 38
\BOOKMARK [2][-]{subsection.5.7}{\376\377\000F\000l\000a\000g\000s\000\040\000D\000o\000c\000k\000e\000r\000\040\000C\000r\000u\000c\000i\000a\000l\000e\000s\000\040\000q\000u\000e\000\040\000F\000u\000n\000c\000i\000o\000n\000a\000r\000o\000n}{section.5}% 39
\BOOKMARK [2][-]{subsection.5.8}{\376\377\000E\000r\000r\000o\000r\000e\000s\000\040\000C\000o\000m\000u\000n\000e\000s\000\040\000y\000\040\000S\000o\000l\000u\000c\000i\000o\000n\000e\000s}{section.5}% 40
\BOOKMARK [3][-]{subsubsection.5.8.1}{\376\377\000P\000e\000r\000m\000i\000s\000s\000i\000o\000n\000\040\000d\000e\000n\000i\000e\000d}{subsection.5.8}% 41
\BOOKMARK [3][-]{subsubsection.5.8.2}{\376\377\000D\000e\000v\000i\000c\000e\000\040\000o\000r\000\040\000r\000e\000s\000o\000u\000r\000c\000e\000\040\000b\000u\000s\000y}{subsection.5.8}% 42
\BOOKMARK [3][-]{subsubsection.5.8.3}{\376\377\000U\000n\000a\000b\000l\000e\000\040\000t\000o\000\040\000a\000p\000p\000l\000y\000\040\000n\000e\000w\000\040\000c\000a\000p\000a\000b\000i\000l\000i\000t\000y\000\040\000s\000e\000t}{subsection.5.8}% 43
\BOOKMARK [2][-]{subsection.5.9}{\376\377\000V\000e\000r\000i\000f\000i\000c\000a\000c\000i\000\363\000n\000\040\000F\000i\000n\000a\000l\000\040\000E\000x\000i\000t\000o\000s\000a}{section.5}% 44
\BOOKMARK [1][-]{section.6}{\376\377\000U\000n\000i\000f\000i\000c\000a\000c\000i\000\363\000n\000\040\000d\000e\000\040\000A\000l\000m\000a\000c\000e\000n\000a\000m\000i\000e\000n\000t\000o\000\040\000c\000o\000n\000\040\000M\000e\000r\000g\000e\000r\000F\000S\000\040\000y\000\040\000D\000F\000S}{}% 45
\BOOKMARK [2][-]{subsection.6.1}{\376\377\000P\000r\000o\000b\000l\000e\000m\000a\000:\000\040\000E\000s\000p\000a\000c\000i\000o\000\040\000d\000e\000\040\000A\000l\000m\000a\000c\000e\000n\000a\000m\000i\000e\000n\000t\000o\000\040\000D\000i\000s\000t\000r\000i\000b\000u\000i\000d\000o}{section.6}% 46
\BOOKMARK [2][-]{subsection.6.2}{\376\377\000S\000o\000l\000u\000c\000i\000\363\000n\000\040\0001\000:\000\040\000M\000e\000r\000g\000e\000r\000F\000S\000\040\000p\000a\000r\000a\000\040\000U\000n\000i\000f\000i\000c\000a\000c\000i\000\363\000n\000\040\000R\000e\000a\000l\000\040\000d\000e\000l\000\040\000E\000s\000p\000a\000c\000i\000o}{section.6}% 47
\BOOKMARK [3][-]{subsubsection.6.2.1}{\376\377\000I\000n\000s\000t\000a\000l\000a\000c\000i\000\363\000n\000\040\000d\000e\000\040\000M\000e\000r\000g\000e\000r\000F\000S}{subsection.6.2}% 48
\BOOKMARK [3][-]{subsubsection.6.2.2}{\376\377\000P\000r\000e\000p\000a\000r\000a\000c\000i\000\363\000n\000\040\000d\000e\000\040\000D\000i\000r\000e\000c\000t\000o\000r\000i\000o\000s}{subsection.6.2}% 49
\BOOKMARK [3][-]{subsubsection.6.2.3}{\376\377\000M\000o\000n\000t\000a\000j\000e\000\040\000d\000e\000l\000\040\000S\000e\000r\000v\000i\000d\000o\000r\000\040\000R\000e\000m\000o\000t\000o}{subsection.6.2}% 50
\BOOKMARK [3][-]{subsubsection.6.2.4}{\376\377\000U\000n\000i\000f\000i\000c\000a\000c\000i\000\363\000n\000\040\000c\000o\000n\000\040\000M\000e\000r\000g\000e\000r\000F\000S}{subsection.6.2}% 51
\BOOKMARK [3][-]{subsubsection.6.2.5}{\376\377\000C\000o\000n\000f\000i\000g\000u\000r\000a\000c\000i\000\363\000n\000\040\000e\000n\000\040\000S\000a\000m\000b\000a}{subsection.6.2}% 52
\BOOKMARK [3][-]{subsubsection.6.2.6}{\376\377\000V\000e\000r\000i\000f\000i\000c\000a\000c\000i\000\363\000n\000\040\000d\000e\000l\000\040\000E\000s\000p\000a\000c\000i\000o\000\040\000U\000n\000i\000f\000i\000c\000a\000d\000o}{subsection.6.2}% 53
\BOOKMARK [2][-]{subsection.6.3}{\376\377\000S\000o\000l\000u\000c\000i\000\363\000n\000\040\0002\000:\000\040\000D\000F\000S\000\040\000p\000a\000r\000a\000\040\000U\000n\000i\000f\000i\000c\000a\000c\000i\000\363\000n\000\040\000L\000\363\000g\000i\000c\000a}{section.6}% 54
\BOOKMARK [3][-]{subsubsection.6.3.1}{\376\377\000C\000o\000n\000f\000i\000g\000u\000r\000a\000c\000i\000\363\000n\000\040\000G\000l\000o\000b\000a\000l\000\040\000d\000e\000\040\000D\000F\000S\000\040\000e\000n\000\040\000S\000a\000m\000b\000a}{subsection.6.3}% 55
\BOOKMARK [3][-]{subsubsection.6.3.2}{\376\377\000P\000r\000e\000p\000a\000r\000a\000c\000i\000\363\000n\000\040\000d\000e\000l\000\040\000D\000i\000r\000e\000c\000t\000o\000r\000i\000o\000\040\000D\000F\000S}{subsection.6.3}% 56
\BOOKMARK [3][-]{subsubsection.6.3.3}{\376\377\000C\000r\000e\000a\000c\000i\000\363\000n\000\040\000d\000e\000\040\000E\000n\000l\000a\000c\000e\000s\000\040\000D\000F\000S}{subsection.6.3}% 57
\BOOKMARK [3][-]{subsubsection.6.3.4}{\376\377\000C\000o\000n\000f\000i\000g\000u\000r\000a\000c\000i\000\363\000n\000\040\000d\000e\000l\000\040\000S\000h\000a\000r\000e\000\040\000D\000F\000S}{subsection.6.3}% 58
\BOOKMARK [3][-]{subsubsection.6.3.5}{\376\377\000R\000e\000i\000n\000i\000c\000i\000o\000\040\000y\000\040\000V\000e\000r\000i\000f\000i\000c\000a\000c\000i\000\363\000n\000\040\000d\000e\000\040\000S\000a\000m\000b\000a}{subsection.6.3}% 59
\BOOKMARK [2][-]{subsection.6.4}{\376\377\000C\000o\000m\000p\000a\000r\000a\000c\000i\000\363\000n\000\040\000e\000n\000t\000r\000e\000\040\000M\000e\000r\000g\000e\000r\000F\000S\000\040\000y\000\040\000D\000F\000S}{section.6}% 60
\BOOKMARK [2][-]{subsection.6.5}{\376\377\000C\000o\000n\000f\000i\000g\000u\000r\000a\000c\000i\000\363\000n\000\040\000P\000e\000r\000m\000a\000n\000e\000n\000t\000e}{section.6}% 61
\BOOKMARK [3][-]{subsubsection.6.5.1}{\376\377\000C\000o\000n\000f\000i\000g\000u\000r\000a\000c\000i\000\363\000n\000\040\000e\000n\000\040\000/\000e\000t\000c\000/\000f\000s\000t\000a\000b\000\040\000p\000a\000r\000a\000\040\000M\000e\000r\000g\000e\000r\000F\000S}{subsection.6.5}% 62
\BOOKMARK [2][-]{subsection.6.6}{\376\377\000V\000e\000r\000i\000f\000i\000c\000a\000c\000i\000\363\000n\000\040\000F\000i\000n\000a\000l\000\040\000d\000e\000l\000\040\000E\000s\000p\000a\000c\000i\000o\000\040\000U\000n\000i\000f\000i\000c\000a\000d\000o}{section.6}% 63
\BOOKMARK [2][-]{subsection.6.7}{\376\377\000R\000e\000s\000o\000l\000u\000c\000i\000\363\000n\000\040\000d\000e\000\040\000P\000r\000o\000b\000l\000e\000m\000a\000s\000\040\000C\000o\000m\000u\000n\000e\000s}{section.6}% 64
\BOOKMARK [3][-]{subsubsection.6.7.1}{\376\377\000P\000r\000o\000b\000l\000e\000m\000a\000:\000\040\000"\000P\000e\000r\000m\000i\000s\000s\000i\000o\000n\000\040\000d\000e\000n\000i\000e\000d\000.\0008\000-\0001\000.\0005\000e\000x\000\040\000a\000l\000\040\000m\000o\000n\000t\000a\000r\000\040\000C\000I\000F\000S}{subsection.6.7}% 65
\BOOKMARK [3][-]{subsubsection.6.7.2}{\376\377\000P\000r\000o\000b\000l\000e\000m\000a\000:\000\040\000E\000n\000l\000a\000c\000e\000\040\000D\000F\000S\000\040\000n\000o\000\040\000f\000u\000n\000c\000i\000o\000n\000a}{subsection.6.7}% 66
\BOOKMARK [3][-]{subsubsection.6.7.3}{\376\377\000P\000r\000o\000b\000l\000e\000m\000a\000:\000\040\000M\000e\000r\000g\000e\000r\000F\000S\000\040\000n\000o\000\040\000m\000u\000e\000s\000t\000r\000a\000\040\000e\000s\000p\000a\000c\000i\000o\000\040\000c\000o\000m\000b\000i\000n\000a\000d\000o}{subsection.6.7}% 67
\BOOKMARK [1][-]{section.7}{\376\377\000S\000o\000l\000u\000c\000i\000\363\000n\000\040\000D\000e\000f\000i\000n\000i\000t\000i\000v\000a\000:\000\040\000S\000e\000r\000v\000i\000d\000o\000r\000\040\000S\000a\000m\000b\000a\000\040\000c\000o\000m\000o\000\040\000A\000l\000t\000e\000r\000n\000a\000t\000i\000v\000a\000\040\000a\000\040\000N\000F\000S}{}% 68
\BOOKMARK [2][-]{subsection.7.1}{\376\377\000P\000r\000o\000b\000l\000e\000m\000a\000\040\000C\000r\000\355\000t\000i\000c\000o\000:\000\040\000F\000a\000l\000t\000a\000\040\000d\000e\000\040\000S\000o\000p\000o\000r\000t\000e\000\040\000N\000F\000S\000\040\000e\000n\000\040\000e\000l\000\040\000K\000e\000r\000n\000e\000l}{section.7}% 69
\BOOKMARK [2][-]{subsection.7.2}{\376\377\000I\000m\000p\000l\000e\000m\000e\000n\000t\000a\000c\000i\000\363\000n\000\040\000d\000e\000\040\000S\000e\000r\000v\000i\000d\000o\000r\000\040\000S\000a\000m\000b\000a}{section.7}% 70
\BOOKMARK [3][-]{subsubsection.7.2.1}{\376\377\000C\000o\000n\000f\000i\000g\000u\000r\000a\000c\000i\000\363\000n\000\040\000d\000e\000l\000\040\000S\000e\000r\000v\000i\000d\000o\000r\000\040\000S\000a\000m\000b\000a}{subsection.7.2}% 71
\BOOKMARK [2][-]{subsection.7.3}{\376\377\000R\000e\000s\000u\000l\000t\000a\000d\000o\000s\000\040\000y\000\040\000V\000e\000r\000i\000f\000i\000c\000a\000c\000i\000\363\000n}{section.7}% 72
\BOOKMARK [3][-]{subsubsection.7.3.1}{\376\377\000M\000o\000n\000t\000a\000j\000e\000\040\000E\000x\000i\000t\000o\000s\000o\000\040\000d\000e\000s\000d\000e\000\040\000C\000o\000n\000t\000e\000n\000e\000d\000o\000r\000\040\000D\000o\000c\000k\000e\000r}{subsection.7.3}% 73
\BOOKMARK [3][-]{subsubsection.7.3.2}{\376\377\000V\000e\000n\000t\000a\000j\000a\000s\000\040\000d\000e\000\040\000l\000a\000\040\000S\000o\000l\000u\000c\000i\000\363\000n\000\040\000S\000a\000m\000b\000a}{subsection.7.3}% 74
\BOOKMARK [2][-]{subsection.7.4}{\376\377\000C\000o\000n\000c\000l\000u\000s\000i\000\363\000n\000\040\000d\000e\000\040\000l\000a\000\040\000S\000o\000l\000u\000c\000i\000\363\000n\000\040\000S\000a\000m\000b\000a}{section.7}% 75
\BOOKMARK [1][-]{section.8}{\376\377\000R\000e\000s\000u\000l\000t\000a\000d\000o\000s\000\040\000y\000\040\000E\000s\000t\000a\000d\000o\000\040\000A\000c\000t\000u\000a\000l}{}% 76
\BOOKMARK [2][-]{subsection.8.1}{\376\377\000R\000e\000s\000u\000l\000t\000a\000d\000o\000s\000\040\000F\000i\000n\000a\000l\000e\000s}{section.8}% 77
\BOOKMARK [2][-]{subsection.8.2}{\376\377\000E\000s\000t\000a\000d\000o\000\040\000A\000c\000t\000u\000a\000l}{section.8}% 78
\BOOKMARK [3][-]{subsubsection.8.2.1}{\376\377\000L\000O\000G\000R\000O\000S}{subsection.8.2}% 79
\BOOKMARK [3][-]{subsubsection.8.2.2}{\376\377\000P\000R\000\323\000X\000I\000M\000O\000S\000\040\000P\000A\000S\000O\000S\000\040\000O\000P\000C\000I\000O\000N\000A\000L\000E\000S}{subsection.8.2}% 80
\BOOKMARK [2][-]{subsection.8.3}{\376\377\000L\000e\000c\000c\000i\000\363\000n\000\040\000A\000p\000r\000e\000n\000d\000i\000d\000a}{section.8}% 81
\BOOKMARK [1][-]{section.9}{\376\377\000C\000o\000n\000c\000l\000u\000s\000i\000o\000n\000e\000s}{}% 82
\BOOKMARK [2][-]{subsection.9.1}{\376\377\000I\000m\000p\000a\000c\000t\000o\000\040\000d\000e\000\040\000l\000a\000\040\000S\000o\000l\000u\000c\000i\000\363\000n}{section.9}% 83
\BOOKMARK [2][-]{subsection.9.2}{\376\377\000R\000e\000c\000o\000m\000e\000n\000d\000a\000c\000i\000o\000n\000e\000s\000\040\000p\000a\000r\000a\000\040\000S\000i\000s\000t\000e\000m\000a\000s\000\040\000S\000i\000m\000i\000l\000a\000r\000e\000s}{section.9}% 84
\BOOKMARK [2][-]{subsection.9.3}{\376\377\000T\000r\000a\000n\000s\000f\000e\000r\000e\000n\000c\000i\000a\000\040\000a\000\040\000O\000t\000r\000o\000s\000\040\000E\000n\000t\000o\000r\000n\000o\000s}{section.9}% 85
\BOOKMARK [2][-]{subsection.9.4}{\376\377\000C\000o\000n\000c\000l\000u\000s\000i\000\363\000n\000\040\000F\000i\000n\000a\000l}{section.9}% 86
